<?xml version="1.0" encoding="UTF-8"?>
<coverage generated="1508235148348" clover="3.2.0">
  <project timestamp="1508235148348" name="All files">
    <metrics statements="55" coveredstatements="24" conditionals="11" coveredconditionals="4" methods="26" coveredmethods="7" elements="92" coveredelements="35" complexity="0" loc="55" ncloc="55" packages="8" files="12" classes="12">
      <package name="actions-and-reducers">
        <metrics statements="1" coveredstatements="1" conditionals="0" coveredconditionals="0" methods="0" coveredmethods="0"/>
        <file name="root-reducer.js" path="/Users/brenton/Code/boilerplate/boilerplate-react-frontend/src/js/actions-and-reducers/root-reducer.js">
          <metrics statements="1" coveredstatements="1" conditionals="0" coveredconditionals="0" methods="0" coveredmethods="0"/>
          <line num="6" count="1" type="stmt"/>
        </file>
      </package>
      <package name="actions-and-reducers.home">
        <metrics statements="7" coveredstatements="3" conditionals="3" coveredconditionals="2" methods="4" coveredmethods="1"/>
        <file name="home-actions.js" path="/Users/brenton/Code/boilerplate/boilerplate-react-frontend/src/js/actions-and-reducers/home/home-actions.js">
          <metrics statements="3" coveredstatements="0" conditionals="0" coveredconditionals="0" methods="3" coveredmethods="0"/>
          <line num="2" count="0" type="stmt"/>
          <line num="3" count="0" type="stmt"/>
          <line num="4" count="0" type="stmt"/>
        </file>
        <file name="home-reducers.js" path="/Users/brenton/Code/boilerplate/boilerplate-react-frontend/src/js/actions-and-reducers/home/home-reducers.js">
          <metrics statements="4" coveredstatements="3" conditionals="3" coveredconditionals="2" methods="1" coveredmethods="1"/>
          <line num="1" count="1" type="stmt"/>
          <line num="6" count="3" type="cond" truecount="1" falsecount="1"/>
          <line num="8" count="0" type="stmt"/>
          <line num="10" count="3" type="stmt"/>
        </file>
      </package>
      <package name="actions-and-reducers.users">
        <metrics statements="11" coveredstatements="3" conditionals="4" coveredconditionals="2" methods="3" coveredmethods="1"/>
        <file name="users-actions.js" path="/Users/brenton/Code/boilerplate/boilerplate-react-frontend/src/js/actions-and-reducers/users/users-actions.js">
          <metrics statements="2" coveredstatements="0" conditionals="0" coveredconditionals="0" methods="2" coveredmethods="0"/>
          <line num="2" count="0" type="stmt"/>
          <line num="12" count="0" type="stmt"/>
        </file>
        <file name="users-reducers.js" path="/Users/brenton/Code/boilerplate/boilerplate-react-frontend/src/js/actions-and-reducers/users/users-reducers.js">
          <metrics statements="9" coveredstatements="3" conditionals="4" coveredconditionals="2" methods="1" coveredmethods="1"/>
          <line num="1" count="1" type="stmt"/>
          <line num="14" count="3" type="cond" truecount="1" falsecount="2"/>
          <line num="16" count="0" type="stmt"/>
          <line num="18" count="0" type="stmt"/>
          <line num="22" count="0" type="stmt"/>
          <line num="27" count="0" type="stmt"/>
          <line num="29" count="0" type="stmt"/>
          <line num="31" count="0" type="stmt"/>
          <line num="37" count="3" type="stmt"/>
        </file>
      </package>
      <package name="components">
        <metrics statements="5" coveredstatements="5" conditionals="0" coveredconditionals="0" methods="3" coveredmethods="3"/>
        <file name="app-component.jsx" path="/Users/brenton/Code/boilerplate/boilerplate-react-frontend/src/js/components/app-component.jsx">
          <metrics statements="1" coveredstatements="1" conditionals="0" coveredconditionals="0" methods="1" coveredmethods="1"/>
          <line num="14" count="1" type="stmt"/>
        </file>
        <file name="footer-component.jsx" path="/Users/brenton/Code/boilerplate/boilerplate-react-frontend/src/js/components/footer-component.jsx">
          <metrics statements="2" coveredstatements="2" conditionals="0" coveredconditionals="0" methods="1" coveredmethods="1"/>
          <line num="3" count="1" type="stmt"/>
          <line num="4" count="1" type="stmt"/>
        </file>
        <file name="no-match-component.jsx" path="/Users/brenton/Code/boilerplate/boilerplate-react-frontend/src/js/components/no-match-component.jsx">
          <metrics statements="2" coveredstatements="2" conditionals="0" coveredconditionals="0" methods="1" coveredmethods="1"/>
          <line num="3" count="1" type="stmt"/>
          <line num="4" count="1" type="stmt"/>
        </file>
      </package>
      <package name="components.Home">
        <metrics statements="13" coveredstatements="2" conditionals="0" coveredconditionals="0" methods="7" coveredmethods="0"/>
        <file name="home-component.jsx" path="/Users/brenton/Code/boilerplate/boilerplate-react-frontend/src/js/components/Home/home-component.jsx">
          <metrics statements="13" coveredstatements="2" conditionals="0" coveredconditionals="0" methods="7" coveredmethods="0"/>
          <line num="22" count="0" type="stmt"/>
          <line num="26" count="0" type="stmt"/>
          <line num="28" count="0" type="stmt"/>
          <line num="36" count="0" type="stmt"/>
          <line num="40" count="0" type="stmt"/>
          <line num="42" count="0" type="stmt"/>
          <line num="43" count="0" type="stmt"/>
          <line num="45" count="0" type="stmt"/>
          <line num="47" count="0" type="stmt"/>
          <line num="51" count="0" type="stmt"/>
          <line num="73" count="1" type="stmt"/>
          <line num="74" count="0" type="stmt"/>
          <line num="79" count="1" type="stmt"/>
        </file>
      </package>
      <package name="components.Menu">
        <metrics statements="7" coveredstatements="6" conditionals="0" coveredconditionals="0" methods="3" coveredmethods="2"/>
        <file name="menu-component.jsx" path="/Users/brenton/Code/boilerplate/boilerplate-react-frontend/src/js/components/Menu/menu-component.jsx">
          <metrics statements="7" coveredstatements="6" conditionals="0" coveredconditionals="0" methods="3" coveredmethods="2"/>
          <line num="18" count="0" type="stmt"/>
          <line num="22" count="1" type="stmt"/>
          <line num="26" count="1" type="stmt"/>
          <line num="30" count="1" type="stmt"/>
          <line num="45" count="1" type="stmt"/>
          <line num="46" count="1" type="stmt"/>
          <line num="51" count="1" type="stmt"/>
        </file>
      </package>
      <package name="components.User">
        <metrics statements="6" coveredstatements="2" conditionals="2" coveredconditionals="0" methods="3" coveredmethods="0"/>
        <file name="user-component.jsx" path="/Users/brenton/Code/boilerplate/boilerplate-react-frontend/src/js/components/User/user-component.jsx">
          <metrics statements="6" coveredstatements="2" conditionals="2" coveredconditionals="0" methods="3" coveredmethods="0"/>
          <line num="15" count="0" type="stmt"/>
          <line num="19" count="0" type="cond" truecount="0" falsecount="2"/>
          <line num="20" count="0" type="stmt"/>
          <line num="22" count="0" type="stmt"/>
          <line num="32" count="1" type="stmt"/>
          <line num="36" count="1" type="stmt"/>
        </file>
      </package>
      <package name="components.Users">
        <metrics statements="5" coveredstatements="2" conditionals="2" coveredconditionals="0" methods="3" coveredmethods="0"/>
        <file name="users-component.jsx" path="/Users/brenton/Code/boilerplate/boilerplate-react-frontend/src/js/components/Users/users-component.jsx">
          <metrics statements="5" coveredstatements="2" conditionals="2" coveredconditionals="0" methods="3" coveredmethods="0"/>
          <line num="13" count="0" type="stmt"/>
          <line num="15" count="0" type="stmt"/>
          <line num="19" count="0" type="stmt"/>
          <line num="29" count="1" type="stmt"/>
          <line num="33" count="1" type="stmt"/>
        </file>
      </package>
    </metrics>
  </project>
</coverage>
