{"/Users/brenton/Code/boilerplate/boilerplate-react-frontend/src/js/actions-and-reducers/root-reducer.js": {"path":"/Users/brenton/Code/boilerplate/boilerplate-react-frontend/src/js/actions-and-reducers/root-reducer.js","statementMap":{"0":{"start":{"line":6,"column":20},"end":{"line":9,"column":2}}},"fnMap":{},"branchMap":{},"s":{"0":1},"f":{},"b":{},"_coverageSchema":"332fd63041d2c1bcb487cc26dd0d5f7d97098a6c","hash":"7231096925262db1a82fd20b56392d6939169d5b"}
,"/Users/brenton/Code/boilerplate/boilerplate-react-frontend/src/js/actions-and-reducers/home/home-actions.js": {"path":"/Users/brenton/Code/boilerplate/boilerplate-react-frontend/src/js/actions-and-reducers/home/home-actions.js","statementMap":{"0":{"start":{"line":2,"column":4},"end":{"line":9,"column":5}},"1":{"start":{"line":3,"column":8},"end":{"line":8,"column":15}},"2":{"start":{"line":4,"column":12},"end":{"line":7,"column":14}}},"fnMap":{"0":{"name":"setActiveThing","decl":{"start":{"line":1,"column":16},"end":{"line":1,"column":30}},"loc":{"start":{"line":1,"column":38},"end":{"line":10,"column":1}},"line":1},"1":{"name":"(anonymous_1)","decl":{"start":{"line":2,"column":11},"end":{"line":2,"column":12}},"loc":{"start":{"line":2,"column":23},"end":{"line":9,"column":5}},"line":2},"2":{"name":"(anonymous_2)","decl":{"start":{"line":3,"column":19},"end":{"line":3,"column":20}},"loc":{"start":{"line":3,"column":30},"end":{"line":8,"column":9}},"line":3}},"branchMap":{},"s":{"0":0,"1":0,"2":0},"f":{"0":0,"1":0,"2":0},"b":{},"_coverageSchema":"332fd63041d2c1bcb487cc26dd0d5f7d97098a6c","hash":"9d62150f1adb7ad4d6854f4ca81f2cdc30d75bf5"}
,"/Users/brenton/Code/boilerplate/boilerplate-react-frontend/src/js/actions-and-reducers/home/home-reducers.js": {"path":"/Users/brenton/Code/boilerplate/boilerplate-react-frontend/src/js/actions-and-reducers/home/home-reducers.js","statementMap":{"0":{"start":{"line":1,"column":21},"end":{"line":3,"column":1}},"1":{"start":{"line":6,"column":4},"end":{"line":11,"column":5}},"2":{"start":{"line":8,"column":12},"end":{"line":8,"column":53}},"3":{"start":{"line":10,"column":12},"end":{"line":10,"column":24}}},"fnMap":{"0":{"name":"(anonymous_0)","decl":{"start":{"line":5,"column":15},"end":{"line":5,"column":16}},"loc":{"start":{"line":5,"column":54},"end":{"line":12,"column":1}},"line":5}},"branchMap":{"0":{"loc":{"start":{"line":5,"column":24},"end":{"line":5,"column":44}},"type":"default-arg","locations":[{"start":{"line":5,"column":32},"end":{"line":5,"column":44}}],"line":5},"1":{"loc":{"start":{"line":6,"column":4},"end":{"line":11,"column":5}},"type":"switch","locations":[{"start":{"line":7,"column":8},"end":{"line":8,"column":53}},{"start":{"line":9,"column":8},"end":{"line":10,"column":24}}],"line":6}},"s":{"0":1,"1":3,"2":0,"3":3},"f":{"0":3},"b":{"0":[3],"1":[0,3]},"_coverageSchema":"332fd63041d2c1bcb487cc26dd0d5f7d97098a6c","hash":"4903b11b7514fd4af5ffdd2dbb0fd02e1c6f097e"}
,"/Users/brenton/Code/boilerplate/boilerplate-react-frontend/src/js/actions-and-reducers/users/users-actions.js": {"path":"/Users/brenton/Code/boilerplate/boilerplate-react-frontend/src/js/actions-and-reducers/users/users-actions.js","statementMap":{"0":{"start":{"line":2,"column":4},"end":{"line":8,"column":5}},"1":{"start":{"line":12,"column":4},"end":{"line":15,"column":5}}},"fnMap":{"0":{"name":"addUser","decl":{"start":{"line":1,"column":16},"end":{"line":1,"column":23}},"loc":{"start":{"line":1,"column":44},"end":{"line":9,"column":1}},"line":1},"1":{"name":"setActiveUser","decl":{"start":{"line":11,"column":16},"end":{"line":11,"column":29}},"loc":{"start":{"line":11,"column":38},"end":{"line":16,"column":1}},"line":11}},"branchMap":{},"s":{"0":0,"1":0},"f":{"0":0,"1":0},"b":{},"_coverageSchema":"332fd63041d2c1bcb487cc26dd0d5f7d97098a6c","hash":"336d0f0bf7ad11f1a4e555ae3e8fccc20321e17e"}
,"/Users/brenton/Code/boilerplate/boilerplate-react-frontend/src/js/actions-and-reducers/users/users-reducers.js": {"path":"/Users/brenton/Code/boilerplate/boilerplate-react-frontend/src/js/actions-and-reducers/users/users-reducers.js","statementMap":{"0":{"start":{"line":1,"column":21},"end":{"line":11,"column":1}},"1":{"start":{"line":14,"column":4},"end":{"line":38,"column":5}},"2":{"start":{"line":16,"column":32},"end":{"line":16,"column":38}},"3":{"start":{"line":18,"column":28},"end":{"line":20,"column":13}},"4":{"start":{"line":22,"column":12},"end":{"line":24,"column":14}},"5":{"start":{"line":27,"column":32},"end":{"line":27,"column":38}},"6":{"start":{"line":29,"column":33},"end":{"line":29,"column":63}},"7":{"start":{"line":31,"column":12},"end":{"line":34,"column":13}},"8":{"start":{"line":37,"column":12},"end":{"line":37,"column":24}}},"fnMap":{"0":{"name":"(anonymous_0)","decl":{"start":{"line":13,"column":15},"end":{"line":13,"column":16}},"loc":{"start":{"line":13,"column":55},"end":{"line":39,"column":1}},"line":13}},"branchMap":{"0":{"loc":{"start":{"line":13,"column":25},"end":{"line":13,"column":45}},"type":"default-arg","locations":[{"start":{"line":13,"column":33},"end":{"line":13,"column":45}}],"line":13},"1":{"loc":{"start":{"line":14,"column":4},"end":{"line":38,"column":5}},"type":"switch","locations":[{"start":{"line":15,"column":8},"end":{"line":25,"column":9}},{"start":{"line":26,"column":8},"end":{"line":35,"column":9}},{"start":{"line":36,"column":8},"end":{"line":37,"column":24}}],"line":14}},"s":{"0":1,"1":3,"2":0,"3":0,"4":0,"5":0,"6":0,"7":0,"8":3},"f":{"0":3},"b":{"0":[3],"1":[0,0,3]},"_coverageSchema":"332fd63041d2c1bcb487cc26dd0d5f7d97098a6c","hash":"7883226f5b93f389095306291cdcbbfd48c5ec57"}
,"/Users/brenton/Code/boilerplate/boilerplate-react-frontend/src/js/components/app-component.jsx": {"path":"/Users/brenton/Code/boilerplate/boilerplate-react-frontend/src/js/components/app-component.jsx","statementMap":{"0":{"start":{"line":14,"column":8},"end":{"line":25,"column":9}}},"fnMap":{"0":{"name":"(anonymous_0)","decl":{"start":{"line":13,"column":4},"end":{"line":13,"column":5}},"loc":{"start":{"line":13,"column":13},"end":{"line":26,"column":5}},"line":13}},"branchMap":{},"s":{"0":1},"f":{"0":1},"b":{},"_coverageSchema":"332fd63041d2c1bcb487cc26dd0d5f7d97098a6c","hash":"5f3d4ac8dc6d7ee2a650301116614a8b12a1304b"}
,"/Users/brenton/Code/boilerplate/boilerplate-react-frontend/src/js/components/footer-component.jsx": {"path":"/Users/brenton/Code/boilerplate/boilerplate-react-frontend/src/js/components/footer-component.jsx","statementMap":{"0":{"start":{"line":3,"column":15},"end":{"line":7,"column":1}},"1":{"start":{"line":4,"column":4},"end":{"line":6,"column":13}}},"fnMap":{"0":{"name":"(anonymous_0)","decl":{"start":{"line":3,"column":15},"end":{"line":3,"column":16}},"loc":{"start":{"line":4,"column":4},"end":{"line":6,"column":13}},"line":4}},"branchMap":{},"s":{"0":1,"1":1},"f":{"0":1},"b":{},"_coverageSchema":"332fd63041d2c1bcb487cc26dd0d5f7d97098a6c","hash":"58a903c0a32031837216b08a8f4fa238c299b351"}
,"/Users/brenton/Code/boilerplate/boilerplate-react-frontend/src/js/components/no-match-component.jsx": {"path":"/Users/brenton/Code/boilerplate/boilerplate-react-frontend/src/js/components/no-match-component.jsx","statementMap":{"0":{"start":{"line":3,"column":16},"end":{"line":7,"column":1}},"1":{"start":{"line":4,"column":4},"end":{"line":6,"column":10}}},"fnMap":{"0":{"name":"(anonymous_0)","decl":{"start":{"line":3,"column":16},"end":{"line":3,"column":17}},"loc":{"start":{"line":4,"column":4},"end":{"line":6,"column":10}},"line":4}},"branchMap":{},"s":{"0":1,"1":1},"f":{"0":1},"b":{},"_coverageSchema":"332fd63041d2c1bcb487cc26dd0d5f7d97098a6c","hash":"54286277c8bc4b828992125604f762ce745e56b9"}
,"/Users/brenton/Code/boilerplate/boilerplate-react-frontend/src/js/components/Home/home-component.jsx": {"path":"/Users/brenton/Code/boilerplate/boilerplate-react-frontend/src/js/components/Home/home-component.jsx","statementMap":{"0":{"start":{"line":22,"column":8},"end":{"line":22,"column":50}},"1":{"start":{"line":26,"column":8},"end":{"line":32,"column":10}},"2":{"start":{"line":28,"column":16},"end":{"line":30,"column":18}},"3":{"start":{"line":36,"column":8},"end":{"line":36,"column":39}},"4":{"start":{"line":40,"column":8},"end":{"line":40,"column":30}},"5":{"start":{"line":42,"column":29},"end":{"line":42,"column":83}},"6":{"start":{"line":43,"column":25},"end":{"line":43,"column":43}},"7":{"start":{"line":45,"column":8},"end":{"line":45,"column":43}},"8":{"start":{"line":47,"column":8},"end":{"line":47,"column":31}},"9":{"start":{"line":51,"column":8},"end":{"line":69,"column":9}},"10":{"start":{"line":73,"column":24},"end":{"line":77,"column":1}},"11":{"start":{"line":74,"column":4},"end":{"line":76,"column":5}},"12":{"start":{"line":79,"column":16},"end":{"line":81,"column":1}}},"fnMap":{"0":{"name":"(anonymous_0)","decl":{"start":{"line":21,"column":4},"end":{"line":21,"column":5}},"loc":{"start":{"line":21,"column":25},"end":{"line":23,"column":5}},"line":21},"1":{"name":"(anonymous_1)","decl":{"start":{"line":25,"column":4},"end":{"line":25,"column":5}},"loc":{"start":{"line":25,"column":24},"end":{"line":33,"column":5}},"line":25},"2":{"name":"(anonymous_2)","decl":{"start":{"line":27,"column":31},"end":{"line":27,"column":32}},"loc":{"start":{"line":27,"column":37},"end":{"line":31,"column":13}},"line":27},"3":{"name":"(anonymous_3)","decl":{"start":{"line":35,"column":4},"end":{"line":35,"column":5}},"loc":{"start":{"line":35,"column":27},"end":{"line":37,"column":5}},"line":35},"4":{"name":"(anonymous_4)","decl":{"start":{"line":39,"column":33},"end":{"line":39,"column":34}},"loc":{"start":{"line":39,"column":44},"end":{"line":48,"column":5}},"line":39},"5":{"name":"(anonymous_5)","decl":{"start":{"line":50,"column":4},"end":{"line":50,"column":5}},"loc":{"start":{"line":50,"column":13},"end":{"line":70,"column":5}},"line":50},"6":{"name":"(anonymous_6)","decl":{"start":{"line":73,"column":24},"end":{"line":73,"column":25}},"loc":{"start":{"line":73,"column":33},"end":{"line":77,"column":1}},"line":73}},"branchMap":{},"s":{"0":0,"1":0,"2":0,"3":0,"4":0,"5":0,"6":0,"7":0,"8":0,"9":0,"10":1,"11":0,"12":1},"f":{"0":0,"1":0,"2":0,"3":0,"4":0,"5":0,"6":0},"b":{},"_coverageSchema":"332fd63041d2c1bcb487cc26dd0d5f7d97098a6c","hash":"ad1629f25808a87e579635ab872c1a9252bc040a"}
,"/Users/brenton/Code/boilerplate/boilerplate-react-frontend/src/js/components/Menu/menu-component.jsx": {"path":"/Users/brenton/Code/boilerplate/boilerplate-react-frontend/src/js/components/Menu/menu-component.jsx","statementMap":{"0":{"start":{"line":18,"column":8},"end":{"line":18,"column":67}},"1":{"start":{"line":22,"column":31},"end":{"line":25,"column":10}},"2":{"start":{"line":26,"column":28},"end":{"line":29,"column":10}},"3":{"start":{"line":30,"column":8},"end":{"line":41,"column":9}},"4":{"start":{"line":45,"column":24},"end":{"line":49,"column":1}},"5":{"start":{"line":46,"column":4},"end":{"line":48,"column":5}},"6":{"start":{"line":51,"column":16},"end":{"line":53,"column":1}}},"fnMap":{"0":{"name":"(anonymous_0)","decl":{"start":{"line":17,"column":17},"end":{"line":17,"column":18}},"loc":{"start":{"line":17,"column":23},"end":{"line":19,"column":5}},"line":17},"1":{"name":"(anonymous_1)","decl":{"start":{"line":21,"column":4},"end":{"line":21,"column":5}},"loc":{"start":{"line":21,"column":13},"end":{"line":42,"column":5}},"line":21},"2":{"name":"(anonymous_2)","decl":{"start":{"line":45,"column":24},"end":{"line":45,"column":25}},"loc":{"start":{"line":45,"column":33},"end":{"line":49,"column":1}},"line":45}},"branchMap":{},"s":{"0":0,"1":1,"2":1,"3":1,"4":1,"5":1,"6":1},"f":{"0":0,"1":1,"2":1},"b":{},"_coverageSchema":"332fd63041d2c1bcb487cc26dd0d5f7d97098a6c","hash":"d300b2b7cc0ec820b463aafd09bb420c37177b75"}
,"/Users/brenton/Code/boilerplate/boilerplate-react-frontend/src/js/components/User/user-component.jsx": {"path":"/Users/brenton/Code/boilerplate/boilerplate-react-frontend/src/js/components/User/user-component.jsx","statementMap":{"0":{"start":{"line":15,"column":8},"end":{"line":15,"column":64}},"1":{"start":{"line":19,"column":27},"end":{"line":19,"column":54}},"2":{"start":{"line":20,"column":47},"end":{"line":20,"column":57}},"3":{"start":{"line":22,"column":8},"end":{"line":28,"column":9}},"4":{"start":{"line":32,"column":24},"end":{"line":34,"column":2}},"5":{"start":{"line":32,"column":34},"end":{"line":34,"column":1}},"6":{"start":{"line":36,"column":16},"end":{"line":38,"column":1}}},"fnMap":{"0":{"name":"(anonymous_0)","decl":{"start":{"line":14,"column":4},"end":{"line":14,"column":5}},"loc":{"start":{"line":14,"column":25},"end":{"line":16,"column":5}},"line":14},"1":{"name":"(anonymous_1)","decl":{"start":{"line":18,"column":4},"end":{"line":18,"column":5}},"loc":{"start":{"line":18,"column":13},"end":{"line":29,"column":5}},"line":18},"2":{"name":"(anonymous_2)","decl":{"start":{"line":32,"column":24},"end":{"line":32,"column":25}},"loc":{"start":{"line":32,"column":34},"end":{"line":34,"column":1}},"line":32}},"branchMap":{"0":{"loc":{"start":{"line":19,"column":27},"end":{"line":19,"column":54}},"type":"binary-expr","locations":[{"start":{"line":19,"column":27},"end":{"line":19,"column":48}},{"start":{"line":19,"column":52},"end":{"line":19,"column":54}}],"line":19}},"s":{"0":0,"1":0,"2":0,"3":0,"4":1,"5":0,"6":1},"f":{"0":0,"1":0,"2":0},"b":{"0":[0,0]},"_coverageSchema":"332fd63041d2c1bcb487cc26dd0d5f7d97098a6c","hash":"d25e861543c46f1ea467ce2b209379473dd49f8c"}
,"/Users/brenton/Code/boilerplate/boilerplate-react-frontend/src/js/components/Users/users-component.jsx": {"path":"/Users/brenton/Code/boilerplate/boilerplate-react-frontend/src/js/components/Users/users-component.jsx","statementMap":{"0":{"start":{"line":13,"column":26},"end":{"line":13,"column":36}},"1":{"start":{"line":15,"column":8},"end":{"line":25,"column":9}},"2":{"start":{"line":19,"column":24},"end":{"line":21,"column":29}},"3":{"start":{"line":29,"column":24},"end":{"line":31,"column":2}},"4":{"start":{"line":29,"column":34},"end":{"line":31,"column":1}},"5":{"start":{"line":33,"column":16},"end":{"line":35,"column":1}}},"fnMap":{"0":{"name":"(anonymous_0)","decl":{"start":{"line":12,"column":4},"end":{"line":12,"column":5}},"loc":{"start":{"line":12,"column":13},"end":{"line":26,"column":5}},"line":12},"1":{"name":"(anonymous_1)","decl":{"start":{"line":18,"column":53},"end":{"line":18,"column":54}},"loc":{"start":{"line":19,"column":24},"end":{"line":21,"column":29}},"line":19},"2":{"name":"(anonymous_2)","decl":{"start":{"line":29,"column":24},"end":{"line":29,"column":25}},"loc":{"start":{"line":29,"column":34},"end":{"line":31,"column":1}},"line":29}},"branchMap":{"0":{"loc":{"start":{"line":18,"column":21},"end":{"line":22,"column":22}},"type":"binary-expr","locations":[{"start":{"line":18,"column":21},"end":{"line":18,"column":26}},{"start":{"line":18,"column":30},"end":{"line":22,"column":22}}],"line":18}},"s":{"0":0,"1":0,"2":0,"3":1,"4":0,"5":1},"f":{"0":0,"1":0,"2":0},"b":{"0":[0,0]},"_coverageSchema":"332fd63041d2c1bcb487cc26dd0d5f7d97098a6c","hash":"8c4f3c5b35d8247422b68709f1112b28e9a25c7a"}
}
