TN:
SF:/Users/brenton/Code/boilerplate/boilerplate-react-frontend/src/js/actions-and-reducers/root-reducer.js
FNF:0
FNH:0
DA:6,1
LF:1
LH:1
BRF:0
BRH:0
end_of_record
TN:
SF:/Users/brenton/Code/boilerplate/boilerplate-react-frontend/src/js/actions-and-reducers/home/home-actions.js
FN:1,setActiveThing
FN:2,(anonymous_1)
FN:3,(anonymous_2)
FNF:3
FNH:0
FNDA:0,setActiveThing
FNDA:0,(anonymous_1)
FNDA:0,(anonymous_2)
DA:2,0
DA:3,0
DA:4,0
LF:3
LH:0
BRF:0
BRH:0
end_of_record
TN:
SF:/Users/brenton/Code/boilerplate/boilerplate-react-frontend/src/js/actions-and-reducers/home/home-reducers.js
FN:5,(anonymous_0)
FNF:1
FNH:1
FNDA:3,(anonymous_0)
DA:1,1
DA:6,3
DA:8,0
DA:10,3
LF:4
LH:3
BRDA:5,0,0,3
BRDA:6,1,0,0
BRDA:6,1,1,3
BRF:3
BRH:2
end_of_record
TN:
SF:/Users/brenton/Code/boilerplate/boilerplate-react-frontend/src/js/actions-and-reducers/users/users-actions.js
FN:1,addUser
FN:11,setActiveUser
FNF:2
FNH:0
FNDA:0,addUser
FNDA:0,setActiveUser
DA:2,0
DA:12,0
LF:2
LH:0
BRF:0
BRH:0
end_of_record
TN:
SF:/Users/brenton/Code/boilerplate/boilerplate-react-frontend/src/js/actions-and-reducers/users/users-reducers.js
FN:13,(anonymous_0)
FNF:1
FNH:1
FNDA:3,(anonymous_0)
DA:1,1
DA:14,3
DA:16,0
DA:18,0
DA:22,0
DA:27,0
DA:29,0
DA:31,0
DA:37,3
LF:9
LH:3
BRDA:13,0,0,3
BRDA:14,1,0,0
BRDA:14,1,1,0
BRDA:14,1,2,3
BRF:4
BRH:2
end_of_record
TN:
SF:/Users/brenton/Code/boilerplate/boilerplate-react-frontend/src/js/components/app-component.jsx
FN:13,(anonymous_0)
FNF:1
FNH:1
FNDA:1,(anonymous_0)
DA:14,1
LF:1
LH:1
BRF:0
BRH:0
end_of_record
TN:
SF:/Users/brenton/Code/boilerplate/boilerplate-react-frontend/src/js/components/footer-component.jsx
FN:3,(anonymous_0)
FNF:1
FNH:1
FNDA:1,(anonymous_0)
DA:3,1
DA:4,1
LF:2
LH:2
BRF:0
BRH:0
end_of_record
TN:
SF:/Users/brenton/Code/boilerplate/boilerplate-react-frontend/src/js/components/no-match-component.jsx
FN:3,(anonymous_0)
FNF:1
FNH:1
FNDA:1,(anonymous_0)
DA:3,1
DA:4,1
LF:2
LH:2
BRF:0
BRH:0
end_of_record
TN:
SF:/Users/brenton/Code/boilerplate/boilerplate-react-frontend/src/js/components/Home/home-component.jsx
FN:21,(anonymous_0)
FN:25,(anonymous_1)
FN:27,(anonymous_2)
FN:35,(anonymous_3)
FN:39,(anonymous_4)
FN:50,(anonymous_5)
FN:73,(anonymous_6)
FNF:7
FNH:0
FNDA:0,(anonymous_0)
FNDA:0,(anonymous_1)
FNDA:0,(anonymous_2)
FNDA:0,(anonymous_3)
FNDA:0,(anonymous_4)
FNDA:0,(anonymous_5)
FNDA:0,(anonymous_6)
DA:22,0
DA:26,0
DA:28,0
DA:36,0
DA:40,0
DA:42,0
DA:43,0
DA:45,0
DA:47,0
DA:51,0
DA:73,1
DA:74,0
DA:79,1
LF:13
LH:2
BRF:0
BRH:0
end_of_record
TN:
SF:/Users/brenton/Code/boilerplate/boilerplate-react-frontend/src/js/components/Menu/menu-component.jsx
FN:17,(anonymous_0)
FN:21,(anonymous_1)
FN:45,(anonymous_2)
FNF:3
FNH:2
FNDA:0,(anonymous_0)
FNDA:1,(anonymous_1)
FNDA:1,(anonymous_2)
DA:18,0
DA:22,1
DA:26,1
DA:30,1
DA:45,1
DA:46,1
DA:51,1
LF:7
LH:6
BRF:0
BRH:0
end_of_record
TN:
SF:/Users/brenton/Code/boilerplate/boilerplate-react-frontend/src/js/components/User/user-component.jsx
FN:14,(anonymous_0)
FN:18,(anonymous_1)
FN:32,(anonymous_2)
FNF:3
FNH:0
FNDA:0,(anonymous_0)
FNDA:0,(anonymous_1)
FNDA:0,(anonymous_2)
DA:15,0
DA:19,0
DA:20,0
DA:22,0
DA:32,1
DA:36,1
LF:6
LH:2
BRDA:19,0,0,0
BRDA:19,0,1,0
BRF:2
BRH:0
end_of_record
TN:
SF:/Users/brenton/Code/boilerplate/boilerplate-react-frontend/src/js/components/Users/users-component.jsx
FN:12,(anonymous_0)
FN:18,(anonymous_1)
FN:29,(anonymous_2)
FNF:3
FNH:0
FNDA:0,(anonymous_0)
FNDA:0,(anonymous_1)
FNDA:0,(anonymous_2)
DA:13,0
DA:15,0
DA:19,0
DA:29,1
DA:33,1
LF:5
LH:2
BRDA:18,0,0,0
BRDA:18,0,1,0
BRF:2
BRH:0
end_of_record
